26.7.2022, 11:07:31 - INFO - Server is running on port: 3030 
26.7.2022, 11:08:07 - INFO - Server is running on port: 3030 
26.7.2022, 11:08:42 - INFO - Server is running on port: 3030 
26.7.2022, 11:09:22 - INFO - Server is running on port: 3030 
26.7.2022, 11:09:38 - INFO - Server is running on port: 3030 
26.7.2022, 11:09:46 - INFO - Server is running on port: 3030 
26.7.2022, 11:10:44 - INFO - Server is running on port: 3030 
26.7.2022, 11:14:21 - INFO - Server is running on port: 3030 
26.7.2022, 11:14:45 - INFO - Server is running on port: 3030 
26.7.2022, 11:15:06 - INFO - Server is running on port: 3030 
26.7.2022, 11:15:08 - INFO - Server is running on port: 3030 
26.7.2022, 11:15:22 - INFO - Server is running on port: 3030 
26.7.2022, 11:16:05 - INFO - Server is running on port: 3030 
26.7.2022, 11:16:11 - INFO - Server is running on port: 3030 
26.7.2022, 11:16:16 - INFO - Server is running on port: 3030 
26.7.2022, 11:17:01 - INFO - Server is running on port: 3030 
26.7.2022, 11:31:32 - INFO - Server is running on port: 3030 
26.7.2022, 11:31:35 - INFO - Server is running on port: 3030 
26.7.2022, 11:31:51 - INFO - Server is running on port: 3030 
26.7.2022, 11:32:47 - INFO - Server is running on port: 3030 
26.7.2022, 11:32:53 - INFO - Server is running on port: 3030 
26.7.2022, 11:33:00 - INFO - Server is running on port: 3030 
26.7.2022, 11:33:10 - INFO - Server is running on port: 3030 
26.7.2022, 11:33:38 - INFO - Server is running on port: 3030 
26.7.2022, 11:35:48 - INFO - Server is running on port: 3030 
26.7.2022, 11:35:57 - INFO - Server is running on port: 3030 
26.7.2022, 11:37:24 - INFO - Server is running on port: 3030 
26.7.2022, 12:54:18 - INFO - Server is running on port: 3030 
26.7.2022, 13:30:17 - INFO - Server is running on port: 3030 
26.7.2022, 13:31:40 - INFO - Server is running on port: 3030 
26.7.2022, 13:31:46 - INFO - Server is running on port: 3030 
26.7.2022, 13:33:46 - INFO - Server is running on port: 3030 
26.7.2022, 14:02:44 - INFO - Server is running on port: 3030 
26.7.2022, 14:02:44 - INFO - Server is running on port: 3030 
26.7.2022, 14:03:05 - INFO - Server is running on port: 3030 
26.7.2022, 14:03:56 - DEBUG - Getting Toys 
26.7.2022, 14:03:56 - ERROR - cannot find boards | TypeError: Cannot read properties of undefined (reading 'page') 
26.7.2022, 14:03:56 - ERROR - Failed to get boards | TypeError: Cannot read properties of undefined (reading 'page') 
26.7.2022, 14:03:57 - DEBUG - Getting Toys 
26.7.2022, 14:03:57 - ERROR - cannot find boards | TypeError: Cannot read properties of undefined (reading 'page') 
26.7.2022, 14:03:57 - ERROR - Failed to get boards | TypeError: Cannot read properties of undefined (reading 'page') 
26.7.2022, 14:04:20 - INFO - Server is running on port: 3030 
26.7.2022, 14:04:23 - DEBUG - Getting Toys 
26.7.2022, 14:04:23 - ERROR - cannot find boards | TypeError: Cannot read properties of undefined (reading 'page') 
26.7.2022, 14:04:23 - ERROR - Failed to get boards | TypeError: Cannot read properties of undefined (reading 'page') 
26.7.2022, 14:04:41 - INFO - Server is running on port: 3030 
26.7.2022, 14:04:45 - DEBUG - Getting Toys 
26.7.2022, 14:04:45 - ERROR - Failed to get boards | TypeError: Cannot read properties of undefined (reading 'page') 
26.7.2022, 14:04:45 - ERROR - cannot find boards | TypeError: Cannot read properties of undefined (reading 'page') 
26.7.2022, 14:05:14 - INFO - Server is running on port: 3030 
26.7.2022, 14:11:26 - INFO - Server is running on port: 3030 
26.7.2022, 14:11:53 - INFO - Server is running on port: 3030 
26.7.2022, 14:11:57 - DEBUG - Getting Toys 
26.7.2022, 14:11:57 - ERROR - cannot find boards | TypeError: Cannot read properties of undefined (reading 'page') 
26.7.2022, 14:11:57 - ERROR - Failed to get boards | TypeError: Cannot read properties of undefined (reading 'page') 
26.7.2022, 14:12:09 - INFO - Server is running on port: 3030 
26.7.2022, 14:12:46 - INFO - Server is running on port: 3030 
26.7.2022, 14:12:47 - DEBUG - Getting Toys 
26.7.2022, 14:12:47 - ERROR - cannot find boards | TypeError: Cannot read properties of undefined (reading 'page') 
26.7.2022, 14:12:47 - ERROR - Failed to get boards | TypeError: Cannot read properties of undefined (reading 'page') 
26.7.2022, 14:12:54 - INFO - Server is running on port: 3030 
26.7.2022, 14:13:03 - INFO - Server is running on port: 3030 
26.7.2022, 14:13:05 - DEBUG - Getting Toys 
26.7.2022, 14:13:05 - ERROR - Failed to get boards | TypeError: Cannot read properties of undefined (reading 'page') 
26.7.2022, 14:13:05 - ERROR - cannot find boards | TypeError: Cannot read properties of undefined (reading 'page') 
26.7.2022, 14:13:13 - INFO - Server is running on port: 3030 
26.7.2022, 14:13:14 - DEBUG - Getting Toys 
26.7.2022, 14:13:16 - DEBUG - Getting Toys 
26.7.2022, 14:13:21 - INFO - Server is running on port: 3030 
26.7.2022, 14:13:24 - DEBUG - Getting Toys 
26.7.2022, 14:13:24 - ERROR - cannot find boards | ReferenceError: board is not defined 
26.7.2022, 14:13:24 - ERROR - Failed to get boards | ReferenceError: board is not defined 
26.7.2022, 14:13:28 - INFO - Server is running on port: 3030 
26.7.2022, 14:13:34 - INFO - Server is running on port: 3030 
26.7.2022, 14:13:35 - DEBUG - Getting Toys 
26.7.2022, 14:13:36 - DEBUG - Getting Toys 
26.7.2022, 14:13:40 - INFO - Server is running on port: 3030 
26.7.2022, 14:13:41 - DEBUG - Getting Toys 
26.7.2022, 14:13:41 - ERROR - cannot find boards | TypeError: collection.toArray is not a function 
26.7.2022, 14:13:41 - ERROR - Failed to get boards | TypeError: collection.toArray is not a function 
26.7.2022, 14:13:42 - DEBUG - Getting Toys 
26.7.2022, 14:13:42 - ERROR - cannot find boards | TypeError: collection.toArray is not a function 
26.7.2022, 14:13:42 - ERROR - Failed to get boards | TypeError: collection.toArray is not a function 
26.7.2022, 14:14:03 - INFO - Server is running on port: 3030 
26.7.2022, 14:14:06 - DEBUG - Getting Toys 
26.7.2022, 14:14:10 - INFO - Server is running on port: 3030 
26.7.2022, 14:14:18 - INFO - Server is running on port: 3030 
26.7.2022, 14:15:05 - INFO - Server is running on port: 3030 
26.7.2022, 14:15:07 - DEBUG - Getting Toys 
26.7.2022, 14:15:19 - DEBUG - Getting Toys 
26.7.2022, 14:15:26 - INFO - Server is running on port: 3030 
26.7.2022, 14:18:59 - INFO - Server is running on port: 3030 
26.7.2022, 14:19:00 - INFO - Server is running on port: 3030 
26.7.2022, 14:19:28 - INFO - Server is running on port: 3030 
26.7.2022, 14:19:38 - INFO - Server is running on port: 3030 
26.7.2022, 14:19:57 - INFO - Server is running on port: 3030 
26.7.2022, 14:20:07 - ERROR - Failed to get boards | ReferenceError: Cannot access 'queryParams' before initialization 
26.7.2022, 14:20:08 - ERROR - Failed to get boards | ReferenceError: Cannot access 'queryParams' before initialization 
26.7.2022, 14:20:22 - INFO - Server is running on port: 3030 
26.7.2022, 14:20:28 - ERROR - Failed to get boards | ReferenceError: Cannot access 'queryParams' before initialization 
26.7.2022, 14:20:29 - ERROR - Failed to get boards | ReferenceError: Cannot access 'queryParams' before initialization 
26.7.2022, 14:20:30 - ERROR - Failed to get boards | ReferenceError: Cannot access 'queryParams' before initialization 
26.7.2022, 14:20:52 - ERROR - Failed to get boards | ReferenceError: Cannot access 'queryParams' before initialization 
26.7.2022, 14:21:20 - INFO - Server is running on port: 3030 
26.7.2022, 14:21:22 - ERROR - Failed to get boards | ReferenceError: Cannot access 'queryParams' before initialization 
26.7.2022, 14:21:23 - ERROR - Failed to get boards | ReferenceError: Cannot access 'queryParams' before initialization 
26.7.2022, 14:21:38 - ERROR - Failed to get boards | ReferenceError: Cannot access 'queryParams' before initialization 
26.7.2022, 14:21:38 - ERROR - Failed to get boards | ReferenceError: Cannot access 'queryParams' before initialization 
26.7.2022, 14:21:44 - ERROR - Failed to get boards | ReferenceError: Cannot access 'queryParams' before initialization 
26.7.2022, 14:21:45 - ERROR - Failed to get boards | ReferenceError: Cannot access 'queryParams' before initialization 
26.7.2022, 14:22:02 - INFO - Server is running on port: 3030 
26.7.2022, 14:22:04 - INFO - Server is running on port: 3030 
26.7.2022, 14:22:15 - INFO - Server is running on port: 3030 
26.7.2022, 14:22:17 - ERROR - Failed to get boards | ReferenceError: Cannot access 'queryParams' before initialization 
26.7.2022, 14:22:18 - ERROR - Failed to get boards | ReferenceError: Cannot access 'queryParams' before initialization 
26.7.2022, 14:22:19 - ERROR - Failed to get boards | ReferenceError: Cannot access 'queryParams' before initialization 
26.7.2022, 14:22:43 - INFO - Server is running on port: 3030 
26.7.2022, 14:23:04 - INFO - Server is running on port: 3030 
26.7.2022, 14:23:55 - INFO - Server is running on port: 3030 
26.7.2022, 14:30:00 - INFO - Server is running on port: 3030 
26.7.2022, 14:32:06 - INFO - Server is running on port: 3030 
26.7.2022, 14:32:19 - INFO - Server is running on port: 3030 
26.7.2022, 14:32:44 - INFO - Server is running on port: 3030 
26.7.2022, 14:34:59 - INFO - Server is running on port: 3030 
26.7.2022, 14:35:02 - INFO - Server is running on port: 3030 
26.7.2022, 14:35:58 - INFO - Server is running on port: 3030 
26.7.2022, 14:36:19 - INFO - Server is running on port: 3030 
26.7.2022, 14:58:58 - INFO - Server is running on port: 3030 
26.7.2022, 14:59:04 - INFO - Server is running on port: 3030 
26.7.2022, 14:59:12 - INFO - Server is running on port: 3030 
26.7.2022, 14:59:15 - INFO - Server is running on port: 3030 
26.7.2022, 15:00:17 - INFO - Server is running on port: 3030 
26.7.2022, 15:00:20 - INFO - Server is running on port: 3030 
26.7.2022, 15:00:31 - INFO - Server is running on port: 3030 
26.7.2022, 15:00:42 - INFO - Server is running on port: 3030 
26.7.2022, 15:00:44 - INFO - Server is running on port: 3030 
26.7.2022, 15:00:51 - INFO - Server is running on port: 3030 
26.7.2022, 15:01:17 - INFO - Server is running on port: 3030 
26.7.2022, 15:01:36 - INFO - Server is running on port: 3030 
26.7.2022, 15:01:37 - INFO - Server is running on port: 3030 
26.7.2022, 15:01:38 - INFO - Server is running on port: 3030 
26.7.2022, 15:02:02 - INFO - Server is running on port: 3030 
26.7.2022, 15:02:04 - INFO - Server is running on port: 3030 
26.7.2022, 15:02:15 - INFO - Server is running on port: 3030 
26.7.2022, 15:02:20 - INFO - Server is running on port: 3030 
26.7.2022, 15:02:32 - INFO - Server is running on port: 3030 
26.7.2022, 15:02:53 - INFO - Server is running on port: 3030 
26.7.2022, 15:02:56 - INFO - Server is running on port: 3030 
26.7.2022, 15:03:09 - INFO - Server is running on port: 3030 
26.7.2022, 15:03:11 - INFO - Server is running on port: 3030 
26.7.2022, 15:03:18 - INFO - Server is running on port: 3030 
26.7.2022, 15:03:39 - ERROR - while finding board b101 | Error: Argument passed in must be a single String of 12 bytes or a string of 24 hex characters 
26.7.2022, 15:03:39 - ERROR - Failed to get board | Error: Argument passed in must be a single String of 12 bytes or a string of 24 hex characters 
26.7.2022, 15:03:57 - INFO - Server is running on port: 3030 
26.7.2022, 15:04:18 - INFO - Server is running on port: 3030 
26.7.2022, 15:04:19 - INFO - Server is running on port: 3030 
26.7.2022, 15:04:29 - ERROR - while finding board b101 | Error: Argument passed in must be a single String of 12 bytes or a string of 24 hex characters 
26.7.2022, 15:04:29 - ERROR - Failed to get board | Error: Argument passed in must be a single String of 12 bytes or a string of 24 hex characters 
26.7.2022, 15:04:30 - ERROR - while finding board b101 | Error: Argument passed in must be a single String of 12 bytes or a string of 24 hex characters 
26.7.2022, 15:04:30 - ERROR - Failed to get board | Error: Argument passed in must be a single String of 12 bytes or a string of 24 hex characters 
26.7.2022, 15:04:39 - INFO - Server is running on port: 3030 
26.7.2022, 15:04:54 - INFO - Server is running on port: 3030 
26.7.2022, 15:04:56 - ERROR - while finding board b101 | Error: Argument passed in must be a single String of 12 bytes or a string of 24 hex characters 
26.7.2022, 15:04:56 - ERROR - Failed to get board | Error: Argument passed in must be a single String of 12 bytes or a string of 24 hex characters 
26.7.2022, 15:04:57 - ERROR - while finding board b101 | Error: Argument passed in must be a single String of 12 bytes or a string of 24 hex characters 
26.7.2022, 15:04:57 - ERROR - Failed to get board | Error: Argument passed in must be a single String of 12 bytes or a string of 24 hex characters 
26.7.2022, 15:04:57 - ERROR - while finding board b101 | Error: Argument passed in must be a single String of 12 bytes or a string of 24 hex characters 
26.7.2022, 15:04:57 - ERROR - Failed to get board | Error: Argument passed in must be a single String of 12 bytes or a string of 24 hex characters 
26.7.2022, 15:05:04 - INFO - Server is running on port: 3030 
26.7.2022, 15:05:06 - ERROR - while finding board b101 | Error: Argument passed in must be a single String of 12 bytes or a string of 24 hex characters 
26.7.2022, 15:05:06 - ERROR - Failed to get board | Error: Argument passed in must be a single String of 12 bytes or a string of 24 hex characters 
26.7.2022, 15:05:06 - ERROR - while finding board b101 | Error: Argument passed in must be a single String of 12 bytes or a string of 24 hex characters 
26.7.2022, 15:05:06 - ERROR - Failed to get board | Error: Argument passed in must be a single String of 12 bytes or a string of 24 hex characters 
26.7.2022, 15:05:08 - ERROR - while finding board b101 | Error: Argument passed in must be a single String of 12 bytes or a string of 24 hex characters 
26.7.2022, 15:05:08 - ERROR - Failed to get board | Error: Argument passed in must be a single String of 12 bytes or a string of 24 hex characters 
26.7.2022, 15:05:11 - ERROR - while finding board b101 | Error: Argument passed in must be a single String of 12 bytes or a string of 24 hex characters 
26.7.2022, 15:05:11 - ERROR - Failed to get board | Error: Argument passed in must be a single String of 12 bytes or a string of 24 hex characters 
26.7.2022, 15:05:13 - ERROR - while finding board b101 | Error: Argument passed in must be a single String of 12 bytes or a string of 24 hex characters 
26.7.2022, 15:05:13 - ERROR - Failed to get board | Error: Argument passed in must be a single String of 12 bytes or a string of 24 hex characters 
26.7.2022, 15:05:39 - INFO - Server is running on port: 3030 
26.7.2022, 15:05:40 - ERROR - while finding board b101 | Error: Argument passed in must be a single String of 12 bytes or a string of 24 hex characters 
26.7.2022, 15:05:40 - ERROR - Failed to get board | Error: Argument passed in must be a single String of 12 bytes or a string of 24 hex characters 
26.7.2022, 15:05:48 - INFO - Server is running on port: 3030 
26.7.2022, 15:06:07 - INFO - Server is running on port: 3030 
26.7.2022, 15:06:08 - INFO - Server is running on port: 3030 
26.7.2022, 15:06:10 - ERROR - while finding board b101 | Error: Argument passed in must be a single String of 12 bytes or a string of 24 hex characters 
26.7.2022, 15:06:10 - ERROR - Failed to get board | Error: Argument passed in must be a single String of 12 bytes or a string of 24 hex characters 
26.7.2022, 15:06:32 - INFO - Server is running on port: 3030 
26.7.2022, 15:07:12 - INFO - Server is running on port: 3030 
26.7.2022, 15:07:14 - INFO - Server is running on port: 3030 
26.7.2022, 15:07:16 - ERROR - while finding board b101 | Error: Argument passed in must be a single String of 12 bytes or a string of 24 hex characters 
26.7.2022, 15:07:16 - ERROR - Failed to get board | Error: Argument passed in must be a single String of 12 bytes or a string of 24 hex characters 
26.7.2022, 15:07:17 - ERROR - while finding board b101 | Error: Argument passed in must be a single String of 12 bytes or a string of 24 hex characters 
26.7.2022, 15:07:17 - ERROR - Failed to get board | Error: Argument passed in must be a single String of 12 bytes or a string of 24 hex characters 
26.7.2022, 15:07:29 - INFO - Server is running on port: 3030 
26.7.2022, 15:07:32 - INFO - Server is running on port: 3030 
26.7.2022, 15:07:34 - ERROR - while finding board b101 | Error: Argument passed in must be a single String of 12 bytes or a string of 24 hex characters 
26.7.2022, 15:07:34 - ERROR - Failed to get board | Error: Argument passed in must be a single String of 12 bytes or a string of 24 hex characters 
26.7.2022, 15:07:34 - ERROR - while finding board b101 | Error: Argument passed in must be a single String of 12 bytes or a string of 24 hex characters 
26.7.2022, 15:07:34 - ERROR - Failed to get board | Error: Argument passed in must be a single String of 12 bytes or a string of 24 hex characters 
26.7.2022, 15:07:49 - INFO - Server is running on port: 3030 
26.7.2022, 15:09:47 - INFO - Server is running on port: 3030 
26.7.2022, 15:10:06 - INFO - Server is running on port: 3030 
26.7.2022, 15:10:23 - INFO - Server is running on port: 3030 
26.7.2022, 15:10:43 - INFO - Server is running on port: 3030 
26.7.2022, 15:10:55 - INFO - Server is running on port: 3030 
26.7.2022, 15:13:38 - INFO - Server is running on port: 3030 
26.7.2022, 15:13:44 - ERROR - while finding board b101 | Error: Argument passed in must be a single String of 12 bytes or a string of 24 hex characters 
26.7.2022, 15:13:44 - ERROR - Failed to get board | Error: Argument passed in must be a single String of 12 bytes or a string of 24 hex characters 
26.7.2022, 15:13:49 - ERROR - while finding board ObjectId("62dfda488f676e0cf3f29259") | Error: Argument passed in must be a single String of 12 bytes or a string of 24 hex characters 
26.7.2022, 15:13:49 - ERROR - Failed to get board | Error: Argument passed in must be a single String of 12 bytes or a string of 24 hex characters 
26.7.2022, 15:14:58 - INFO - Server is running on port: 3030 
26.7.2022, 15:15:15 - INFO - Server is running on port: 3030 
26.7.2022, 15:15:29 - INFO - Server is running on port: 3030 
26.7.2022, 15:15:30 - INFO - Server is running on port: 3030 
26.7.2022, 15:34:24 - INFO - Server is running on port: 3030 
26.7.2022, 15:34:47 - INFO - Server is running on port: 3030 
26.7.2022, 15:43:56 - INFO - Server is running on port: 3030 
26.7.2022, 15:43:57 - INFO - Server is running on port: 3030 
26.7.2022, 15:44:03 - INFO - Server is running on port: 3030 
26.7.2022, 15:44:17 - INFO - Server is running on port: 3030 
26.7.2022, 15:44:18 - INFO - Server is running on port: 3030 
26.7.2022, 15:44:29 - INFO - Server is running on port: 3030 
26.7.2022, 15:59:03 - INFO - Server is running on port: 3030 
26.7.2022, 15:59:22 - INFO - Server is running on port: 3030 
26.7.2022, 15:59:56 - INFO - Server is running on port: 3030 
26.7.2022, 16:00:06 - INFO - Server is running on port: 3030 
26.7.2022, 16:08:39 - INFO - Server is running on port: 3030 
26.7.2022, 16:09:30 - INFO - Server is running on port: 3030 
26.7.2022, 16:09:42 - INFO - Server is running on port: 3030 
26.7.2022, 16:09:56 - INFO - Server is running on port: 3030 
26.7.2022, 16:10:57 - INFO - Server is running on port: 3030 
26.7.2022, 16:10:58 - INFO - Server is running on port: 3030 
26.7.2022, 16:11:28 - INFO - Server is running on port: 3030 
26.7.2022, 16:11:51 - INFO - Server is running on port: 3030 
26.7.2022, 16:16:21 - INFO - Server is running on port: 3030 
26.7.2022, 16:19:58 - INFO - Server is running on port: 3030 
26.7.2022, 18:32:31 - INFO - Server is running on port: 3030 
